<?xml version="1.0" encoding="UTF-8" ?>
<testsuite tests="4" failures="0" name="com.testdemo.TestTemplate" time="0.489" errors="0" skipped="0">
  <properties>
[...]
</properties>
  <testcase classname="com.testdemo.TestTemplate" name="delete" time="0.271"/>
  <testcase classname="com.testdemo.TestTemplate" name="testdemo01" time="0.162"/>
  <testcase classname="com.testdemo.TestTemplate" name="testPage" time="0.023"/>
  <testcase classname="com.testdemo.TestTemplate" name="testPageQuery" time="0.033"/>
</testsuite>